[1717831403.546][INFO]: Starting ChromeDriver 119.0.6045.105 (38c72552c5e15ba9b3117c0967a0fd105072d7c6-refs/branch-heads/6045@{#1103}) on port 3711
[1717831403.546][INFO]: Please see https://chromedriver.chromium.org/security-considerations for suggestions on keeping ChromeDriver safe.
[1717831404.074][INFO]: [fbb8f1a9901c52f87b72d7b861dca89c] COMMAND InitSession {
   "capabilities": {
      "firstMatch": [ {
         "browserName": "chrome",
         "goog:chromeOptions": {
            "args": [ "--headless", "--disable-gpu", "--window-size=1920,1080", "--hide-scrollbars", "--enable-logging", "--log-level=0", "--v=99", "--single-process", "--ignore-certificate-errors", "--no-sandbox", "--disable-dev-shm-usage", "user-agent=Mozilla/5.0 (Windows NT 10.0; Win64; x64) AppleWebKit/537.36 (KHTML, like Gecko) Chrome/88.0.4324.150 Safari/537.36" ],
            "extensions": [  ]
         },
         "goog:loggingPrefs": {
            "browser": "ALL",
            "driver": "ALL"
         }
      } ]
   }
}
[1717831404.075][INFO]: Populating Preferences file: {
   "alternate_error_pages": {
      "enabled": false
   },
   "autofill": {
      "enabled": false
   },
   "browser": {
      "check_default_browser": false
   },
   "distribution": {
      "import_bookmarks": false,
      "import_history": false,
      "import_search_engine": false,
      "make_chrome_default_for_user": false,
      "skip_first_run_ui": true
   },
   "dns_prefetching": {
      "enabled": false
   },
   "profile": {
      "content_settings": {
         "pattern_pairs": {
            "https://*,*": {
               "media-stream": {
                  "audio": "Default",
                  "video": "Default"
               }
            }
         }
      },
      "default_content_setting_values": {
         "geolocation": 1
      },
      "default_content_settings": {
         "geolocation": 1,
         "mouselock": 1,
         "notifications": 1,
         "popups": 1,
         "ppapi-broker": 1
      },
      "password_manager_enabled": false
   },
   "safebrowsing": {
      "enabled": false
   },
   "search": {
      "suggest_enabled": false
   },
   "translate": {
      "enabled": false
   }
}
[1717831404.078][INFO]: Populating Local State file: {
   "background_mode": {
      "enabled": false
   },
   "ssl": {
      "rev_checking": {
         "enabled": false
      }
   }
}
[1717831404.082][INFO]: ChromeDriver supports communication with Chrome via pipes. This is more reliable and more secure.
[1717831404.086][INFO]: Use the --remote-debugging-pipe Chrome switch instead of the default --remote-debugging-port to enable this communication mode.
[1717831404.090][INFO]: Launching chrome: /opt/google/chrome/chrome --allow-pre-commit-input --disable-background-networking --disable-client-side-phishing-detection --disable-default-apps --disable-dev-shm-usage --disable-gpu --disable-hang-monitor --disable-popup-blocking --disable-prompt-on-repost --disable-sync --enable-automation --enable-logging --headless --hide-scrollbars --ignore-certificate-errors --log-level=0 --no-first-run --no-sandbox --no-service-autorun --password-store=basic --remote-debugging-port=0 --single-process --test-type=webdriver --use-mock-keychain --user-agent=Mozilla/5.0 (Windows NT 10.0; Win64; x64) AppleWebKit/537.36 (KHTML, like Gecko) Chrome/88.0.4324.150 Safari/537.36 --user-data-dir=/tmp/.org.chromium.Chromium.HWeckm --v=99 --window-size=1920,1080 data:,
[1717831404.312][INFO]: resolved localhost to ["127.0.0.1"]
[1717831404.347][INFO]: [fbb8f1a9901c52f87b72d7b861dca89c] RESPONSE InitSession {
   "capabilities": {
      "acceptInsecureCerts": false,
      "browserName": "chrome",
      "browserVersion": "119.0.6045.159",
      "chrome": {
         "chromedriverVersion": "119.0.6045.105 (38c72552c5e15ba9b3117c0967a0fd105072d7c6-refs/branch-heads/6045@{#1103})",
         "userDataDir": "/tmp/.org.chromium.Chromium.HWeckm"
      },
      "fedcm:accounts": true,
      "goog:chromeOptions": {
         "debuggerAddress": "localhost:33375"
      },
      "networkConnectionEnabled": false,
      "pageLoadStrategy": "normal",
      "platformName": "linux",
      "proxy": {
      },
      "setWindowRect": true,
      "strictFileInteractability": false,
      "timeouts": {
         "implicit": 0,
         "pageLoad": 300000,
         "script": 30000
      },
      "unhandledPromptBehavior": "dismiss and notify",
      "webauthn:extension:credBlob": true,
      "webauthn:extension:largeBlob": true,
      "webauthn:extension:minPinLength": true,
      "webauthn:extension:prf": true,
      "webauthn:virtualAuthenticators": true
   },
   "sessionId": "fbb8f1a9901c52f87b72d7b861dca89c"
}
[1717831404.747][INFO]: [fbb8f1a9901c52f87b72d7b861dca89c] COMMAND MaximizeWindow {
}
[1717831404.747][INFO]: Waiting for pending navigations...
[1717831404.748][INFO]: Done waiting for pending navigations. Status: ok
[1717831404.857][INFO]: Waiting for pending navigations...
[1717831404.858][INFO]: Done waiting for pending navigations. Status: ok
[1717831404.863][INFO]: [fbb8f1a9901c52f87b72d7b861dca89c] RESPONSE MaximizeWindow {
   "height": 1080,
   "width": 1920,
   "x": 0,
   "y": 0
}
[1717831404.874][INFO]: [fbb8f1a9901c52f87b72d7b861dca89c] COMMAND Navigate {
   "url": "https://leetcode.com/"
}
[1717831404.874][INFO]: Waiting for pending navigations...
[1717831404.875][INFO]: Done waiting for pending navigations. Status: ok
[1717831405.338][INFO]: Waiting for pending navigations...
[1717831407.773][INFO]: Done waiting for pending navigations. Status: ok
[1717831407.773][INFO]: [fbb8f1a9901c52f87b72d7b861dca89c] RESPONSE Navigate
[1717831407.813][INFO]: [fbb8f1a9901c52f87b72d7b861dca89c] COMMAND GetUrl {
}
[1717831407.813][INFO]: Waiting for pending navigations...
[1717831408.008][INFO]: Done waiting for pending navigations. Status: ok
[1717831408.283][INFO]: Waiting for pending navigations...
[1717831408.357][INFO]: Done waiting for pending navigations. Status: ok
[1717831408.357][INFO]: [fbb8f1a9901c52f87b72d7b861dca89c] RESPONSE GetUrl "https://leetcode.com/"
[1717831408.392][INFO]: [fbb8f1a9901c52f87b72d7b861dca89c] COMMAND Screenshot {
}
[1717831408.392][INFO]: Waiting for pending navigations...
[1717831408.445][INFO]: Done waiting for pending navigations. Status: ok
[1717831408.904][INFO]: Waiting for pending navigations...
[1717831408.907][INFO]: Done waiting for pending navigations. Status: ok
[1717831408.910][INFO]: [fbb8f1a9901c52f87b72d7b861dca89c] RESPONSE Screenshot "iVBORw0KGgoAAAANSUhEUgAAB4AAAAQ4CAYAAADo08FDAAAAAXNSR0IArs4c6QAAIABJREFUeJzsvXm8FMW5//+pcw6HLWFfBBEF9ar3auKCCirRuOTGJXo1KotLNIpyIyqiBk2C5Je4e0VQ8SsiIqCCShRQUUSjibIJgrsYN0SEgLLDWeacmfr9MV3d1TXdM73M0..."
[1717831409.054][INFO]: [fbb8f1a9901c52f87b72d7b861dca89c] COMMAND Navigate {
   "url": "https://leetcode.com/problemset/"
}
[1717831409.054][INFO]: Waiting for pending navigations...
[1717831409.055][INFO]: Done waiting for pending navigations. Status: ok
[1717831409.370][INFO]: Waiting for pending navigations...
[1717831412.889][INFO]: Done waiting for pending navigations. Status: ok
[1717831412.889][INFO]: [fbb8f1a9901c52f87b72d7b861dca89c] RESPONSE Navigate
[1717831418.903][INFO]: [fbb8f1a9901c52f87b72d7b861dca89c] COMMAND GetUrl {
}
[1717831418.903][INFO]: Waiting for pending navigations...
[1717831418.904][INFO]: Done waiting for pending navigations. Status: ok
[1717831418.914][INFO]: Waiting for pending navigations...
[1717831418.918][INFO]: Done waiting for pending navigations. Status: ok
[1717831418.923][INFO]: [fbb8f1a9901c52f87b72d7b861dca89c] RESPONSE GetUrl "https://leetcode.com/problemset/"
[1717831418.938][INFO]: [fbb8f1a9901c52f87b72d7b861dca89c] COMMAND Screenshot {
}
[1717831418.938][INFO]: Waiting for pending navigations...
[1717831418.942][INFO]: Done waiting for pending navigations. Status: ok
[1717831419.261][INFO]: Waiting for pending navigations...
[1717831419.262][INFO]: Done waiting for pending navigations. Status: ok
[1717831419.267][INFO]: [fbb8f1a9901c52f87b72d7b861dca89c] RESPONSE Screenshot "iVBORw0KGgoAAAANSUhEUgAAB4AAAAQ4CAYAAADo08FDAAAAAXNSR0IArs4c6QAAIABJREFUeJzs3Xl8FeXd///3zJxzshKWEJbIJotsIpsgiyAqAiruVG291WprS5W6tHq3t9Zfa63e33rrfVuLC+JWa91BAXFBBUGwooAoi7hABNkTCCHrWWau3x9zcpKTBAQlJ..."
[1717831421.368][INFO]: [fbb8f1a9901c52f87b72d7b861dca89c] COMMAND FindElements {
   "using": "xpath",
   "value": "//div[@class='inline-block min-w-full']//div[@role='rowgroup']//div[@class='mx-2 flex items-center py-[11px]']//a[@class='h-5 hover:text-blue-s dark:hover:text-dark-blue-s']"
}
[1717831421.369][INFO]: Waiting for pending navigations...
[1717831421.370][INFO]: Done waiting for pending navigations. Status: ok
[1717831421.400][INFO]: Waiting for pending navigations...
[1717831421.401][INFO]: Done waiting for pending navigations. Status: ok
[1717831421.407][INFO]: [fbb8f1a9901c52f87b72d7b861dca89c] RESPONSE FindElements [ {
   "element-6066-11e4-a52e-4f735466cecf": "924596164F56C9E598FC93682BE309B9_element_55"
}, {
   "element-6066-11e4-a52e-4f735466cecf": "924596164F56C9E598FC93682BE309B9_element_56"
}, {
   "element-6066-11e4-a52e-4f735466cecf": "924596164F56C9E598FC93682BE309B9_element_57"
}, {
   "element-6066-11e4-a52e-4f735466cecf": "924596164F56C9E598FC93682BE309B9_element_58"
}, {
   "element-6066-11e4-a52e-4f735466cecf": "924596164F56C9E598FC93682BE309B9_element_59"
}, {
   "element-6066-11e4-a52e-4f735466cecf": "924596164F56C9E598FC93682BE309B9_element_60"
}, {
   "element-6066-11e4-a52e-4f735466cecf": "924596164F56C9E598FC93682BE309B9_element_61"
}, {
   "element-6066-11e4-a52e-4f735466cecf": "924596164F56C9E598FC93682BE309B9_element_62"
}, {
   "element-6066-11e4-a52e-4f735466cecf": "924596164F56C9E598FC93682BE309B9_element_63"
}, {
   "element-6066-11e4-a52e-4f735466cecf": "924596164F56C9E598FC93682BE309B9_element_64"
}, {
   "element-6066-11e4-a52e-4f735466cecf": "924596164F56C9E598FC93682BE309B9_element_65"
}, {
   "element-6066-11e4-a52e-4f735466cecf": "924596164F56C9E598FC93682BE309B9_element_66"
}, {
   "element-6066-11e4-a52e-4f735466cecf": "924596164F56C9E598FC93682BE309B9_element_67"
}, {
   "element-6066-11e4-a52e-4f735466cecf": "924596164F56C9E598FC93682BE309B9_element_68"
}, {
   "element-6066-11e4-a52e-4f735466cecf": "924596164F56C9E598FC93682BE309B9_element_69"
}, {
   "element-6066-11e4-a52e-4f735466cecf": "924596164F56C9E598FC93682BE309B9_element_70"
}, {
   "element-6066-11e4-a52e-4f735466cecf": "924596164F56C9E598FC93682BE309B9_element_71"
}, {
   "element-6066-11e4-a52e-4f735466cecf": "924596164F56C9E598FC93682BE309B9_element_72"
}, {
   "element-6066-11e4-a52e-4f735466cecf": "924596164F56C9E598FC93682BE309B9_element_73"
}, "..." ]
[1717831421.438][INFO]: [fbb8f1a9901c52f87b72d7b861dca89c] COMMAND GetElementText {
   "id": "924596164F56C9E598FC93682BE309B9_element_55"
}
[1717831421.438][INFO]: Waiting for pending navigations...
[1717831421.439][INFO]: Done waiting for pending navigations. Status: ok
[1717831421.465][INFO]: Waiting for pending navigations...
[1717831421.465][INFO]: Done waiting for pending navigations. Status: ok
[1717831421.471][INFO]: [fbb8f1a9901c52f87b72d7b861dca89c] RESPONSE GetElementText "523. Continuous Subarray Sum"
[1717831421.483][INFO]: [fbb8f1a9901c52f87b72d7b861dca89c] COMMAND GetElementText {
   "id": "924596164F56C9E598FC93682BE309B9_element_56"
}
[1717831421.483][INFO]: Waiting for pending navigations...
[1717831421.484][INFO]: Done waiting for pending navigations. Status: ok
[1717831421.500][INFO]: Waiting for pending navigations...
[1717831421.502][INFO]: Done waiting for pending navigations. Status: ok
[1717831421.507][INFO]: [fbb8f1a9901c52f87b72d7b861dca89c] RESPONSE GetElementText "1. Two Sum"
[1717831421.521][INFO]: [fbb8f1a9901c52f87b72d7b861dca89c] COMMAND GetElementText {
   "id": "924596164F56C9E598FC93682BE309B9_element_57"
}
[1717831421.521][INFO]: Waiting for pending navigations...
[1717831421.522][INFO]: Done waiting for pending navigations. Status: ok
[1717831421.538][INFO]: Waiting for pending navigations...
[1717831421.540][INFO]: Done waiting for pending navigations. Status: ok
[1717831421.545][INFO]: [fbb8f1a9901c52f87b72d7b861dca89c] RESPONSE GetElementText "2. Add Two Numbers"
[1717831421.563][INFO]: [fbb8f1a9901c52f87b72d7b861dca89c] COMMAND GetElementText {
   "id": "924596164F56C9E598FC93682BE309B9_element_58"
}
[1717831421.563][INFO]: Waiting for pending navigations...
[1717831421.566][INFO]: Done waiting for pending navigations. Status: ok
[1717831421.584][INFO]: Waiting for pending navigations...
[1717831421.585][INFO]: Done waiting for pending navigations. Status: ok
[1717831421.590][INFO]: [fbb8f1a9901c52f87b72d7b861dca89c] RESPONSE GetElementText "3. Longest Substring Without Repeating Characters"
[1717831421.606][INFO]: [fbb8f1a9901c52f87b72d7b861dca89c] COMMAND GetElementText {
   "id": "924596164F56C9E598FC93682BE309B9_element_59"
}
[1717831421.606][INFO]: Waiting for pending navigations...
[1717831421.607][INFO]: Done waiting for pending navigations. Status: ok
[1717831421.622][INFO]: Waiting for pending navigations...
[1717831421.624][INFO]: Done waiting for pending navigations. Status: ok
[1717831421.628][INFO]: [fbb8f1a9901c52f87b72d7b861dca89c] RESPONSE GetElementText "4. Median of Two Sorted Arrays"
[1717831421.640][INFO]: [fbb8f1a9901c52f87b72d7b861dca89c] COMMAND GetElementText {
   "id": "924596164F56C9E598FC93682BE309B9_element_60"
}
[1717831421.640][INFO]: Waiting for pending navigations...
[1717831421.643][INFO]: Done waiting for pending navigations. Status: ok
[1717831421.655][INFO]: Waiting for pending navigations...
[1717831421.656][INFO]: Done waiting for pending navigations. Status: ok
[1717831421.661][INFO]: [fbb8f1a9901c52f87b72d7b861dca89c] RESPONSE GetElementText "5. Longest Palindromic Substring"
[1717831421.676][INFO]: [fbb8f1a9901c52f87b72d7b861dca89c] COMMAND GetElementText {
   "id": "924596164F56C9E598FC93682BE309B9_element_61"
}
[1717831421.676][INFO]: Waiting for pending navigations...
[1717831421.678][INFO]: Done waiting for pending navigations. Status: ok
[1717831421.691][INFO]: Waiting for pending navigations...
[1717831421.692][INFO]: Done waiting for pending navigations. Status: ok
[1717831421.697][INFO]: [fbb8f1a9901c52f87b72d7b861dca89c] RESPONSE GetElementText "6. Zigzag Conversion"
[1717831421.717][INFO]: [fbb8f1a9901c52f87b72d7b861dca89c] COMMAND GetElementText {
   "id": "924596164F56C9E598FC93682BE309B9_element_62"
}
[1717831421.717][INFO]: Waiting for pending navigations...
[1717831421.718][INFO]: Done waiting for pending navigations. Status: ok
[1717831421.745][INFO]: Waiting for pending navigations...
[1717831421.746][INFO]: Done waiting for pending navigations. Status: ok
[1717831421.751][INFO]: [fbb8f1a9901c52f87b72d7b861dca89c] RESPONSE GetElementText "7. Reverse Integer"
[1717831421.763][INFO]: [fbb8f1a9901c52f87b72d7b861dca89c] COMMAND GetElementText {
   "id": "924596164F56C9E598FC93682BE309B9_element_63"
}
[1717831421.763][INFO]: Waiting for pending navigations...
[1717831421.770][INFO]: Done waiting for pending navigations. Status: ok
[1717831421.785][INFO]: Waiting for pending navigations...
[1717831421.787][INFO]: Done waiting for pending navigations. Status: ok
[1717831421.791][INFO]: [fbb8f1a9901c52f87b72d7b861dca89c] RESPONSE GetElementText "8. String to Integer (atoi)"
[1717831421.803][INFO]: [fbb8f1a9901c52f87b72d7b861dca89c] COMMAND GetElementText {
   "id": "924596164F56C9E598FC93682BE309B9_element_64"
}
[1717831421.803][INFO]: Waiting for pending navigations...
[1717831421.810][INFO]: Done waiting for pending navigations. Status: ok
[1717831421.826][INFO]: Waiting for pending navigations...
[1717831421.827][INFO]: Done waiting for pending navigations. Status: ok
[1717831421.833][INFO]: [fbb8f1a9901c52f87b72d7b861dca89c] RESPONSE GetElementText "9. Palindrome Number"
[1717831421.847][INFO]: [fbb8f1a9901c52f87b72d7b861dca89c] COMMAND GetElementText {
   "id": "924596164F56C9E598FC93682BE309B9_element_65"
}
[1717831421.847][INFO]: Waiting for pending navigations...
[1717831421.854][INFO]: Done waiting for pending navigations. Status: ok
[1717831421.869][INFO]: Waiting for pending navigations...
[1717831421.870][INFO]: Done waiting for pending navigations. Status: ok
[1717831421.875][INFO]: [fbb8f1a9901c52f87b72d7b861dca89c] RESPONSE GetElementText "10. Regular Expression Matching"
[1717831421.891][INFO]: [fbb8f1a9901c52f87b72d7b861dca89c] COMMAND GetElementText {
   "id": "924596164F56C9E598FC93682BE309B9_element_66"
}
[1717831421.894][INFO]: Waiting for pending navigations...
[1717831421.909][INFO]: Done waiting for pending navigations. Status: ok
[1717831421.930][INFO]: Waiting for pending navigations...
[1717831421.932][INFO]: Done waiting for pending navigations. Status: ok
[1717831421.937][INFO]: [fbb8f1a9901c52f87b72d7b861dca89c] RESPONSE GetElementText "11. Container With Most Water"
[1717831421.952][INFO]: [fbb8f1a9901c52f87b72d7b861dca89c] COMMAND GetElementText {
   "id": "924596164F56C9E598FC93682BE309B9_element_67"
}
[1717831421.952][INFO]: Waiting for pending navigations...
[1717831421.960][INFO]: Done waiting for pending navigations. Status: ok
[1717831421.982][INFO]: Waiting for pending navigations...
[1717831421.984][INFO]: Done waiting for pending navigations. Status: ok
[1717831421.989][INFO]: [fbb8f1a9901c52f87b72d7b861dca89c] RESPONSE GetElementText "12. Integer to Roman"
[1717831422.003][INFO]: [fbb8f1a9901c52f87b72d7b861dca89c] COMMAND GetElementText {
   "id": "924596164F56C9E598FC93682BE309B9_element_68"
}
[1717831422.004][INFO]: Waiting for pending navigations...
[1717831422.005][INFO]: Done waiting for pending navigations. Status: ok
[1717831422.023][INFO]: Waiting for pending navigations...
[1717831422.024][INFO]: Done waiting for pending navigations. Status: ok
[1717831422.031][INFO]: [fbb8f1a9901c52f87b72d7b861dca89c] RESPONSE GetElementText "13. Roman to Integer"
[1717831422.043][INFO]: [fbb8f1a9901c52f87b72d7b861dca89c] COMMAND GetElementText {
   "id": "924596164F56C9E598FC93682BE309B9_element_69"
}
[1717831422.043][INFO]: Waiting for pending navigations...
[1717831422.051][INFO]: Done waiting for pending navigations. Status: ok
[1717831422.069][INFO]: Waiting for pending navigations...
[1717831422.083][INFO]: Done waiting for pending navigations. Status: ok
[1717831422.084][INFO]: [fbb8f1a9901c52f87b72d7b861dca89c] RESPONSE GetElementText "14. Longest Common Prefix"
[1717831422.099][INFO]: [fbb8f1a9901c52f87b72d7b861dca89c] COMMAND GetElementText {
   "id": "924596164F56C9E598FC93682BE309B9_element_70"
}
[1717831422.099][INFO]: Waiting for pending navigations...
[1717831422.100][INFO]: Done waiting for pending navigations. Status: ok
[1717831422.116][INFO]: Waiting for pending navigations...
[1717831422.117][INFO]: Done waiting for pending navigations. Status: ok
[1717831422.126][INFO]: [fbb8f1a9901c52f87b72d7b861dca89c] RESPONSE GetElementText "15. 3Sum"
[1717831422.138][INFO]: [fbb8f1a9901c52f87b72d7b861dca89c] COMMAND GetElementText {
   "id": "924596164F56C9E598FC93682BE309B9_element_71"
}
[1717831422.138][INFO]: Waiting for pending navigations...
[1717831422.142][INFO]: Done waiting for pending navigations. Status: ok
[1717831422.154][INFO]: Waiting for pending navigations...
[1717831422.155][INFO]: Done waiting for pending navigations. Status: ok
[1717831422.161][INFO]: [fbb8f1a9901c52f87b72d7b861dca89c] RESPONSE GetElementText "16. 3Sum Closest"
[1717831422.172][INFO]: [fbb8f1a9901c52f87b72d7b861dca89c] COMMAND GetElementText {
   "id": "924596164F56C9E598FC93682BE309B9_element_72"
}
[1717831422.174][INFO]: Waiting for pending navigations...
[1717831422.182][INFO]: Done waiting for pending navigations. Status: ok
[1717831422.197][INFO]: Waiting for pending navigations...
[1717831422.199][INFO]: Done waiting for pending navigations. Status: ok
[1717831422.204][INFO]: [fbb8f1a9901c52f87b72d7b861dca89c] RESPONSE GetElementText "17. Letter Combinations of a Phone Number"
[1717831422.216][INFO]: [fbb8f1a9901c52f87b72d7b861dca89c] COMMAND GetElementText {
   "id": "924596164F56C9E598FC93682BE309B9_element_73"
}
[1717831422.217][INFO]: Waiting for pending navigations...
[1717831422.226][INFO]: Done waiting for pending navigations. Status: ok
[1717831422.243][INFO]: Waiting for pending navigations...
[1717831422.244][INFO]: Done waiting for pending navigations. Status: ok
[1717831422.250][INFO]: [fbb8f1a9901c52f87b72d7b861dca89c] RESPONSE GetElementText "18. 4Sum"
[1717831422.264][INFO]: [fbb8f1a9901c52f87b72d7b861dca89c] COMMAND GetElementText {
   "id": "924596164F56C9E598FC93682BE309B9_element_74"
}
[1717831422.266][INFO]: Waiting for pending navigations...
[1717831422.275][INFO]: Done waiting for pending navigations. Status: ok
[1717831422.290][INFO]: Waiting for pending navigations...
[1717831422.291][INFO]: Done waiting for pending navigations. Status: ok
[1717831422.297][INFO]: [fbb8f1a9901c52f87b72d7b861dca89c] RESPONSE GetElementText "19. Remove Nth Node From End of List"
[1717831422.311][INFO]: [fbb8f1a9901c52f87b72d7b861dca89c] COMMAND GetElementText {
   "id": "924596164F56C9E598FC93682BE309B9_element_75"
}
[1717831422.316][INFO]: Waiting for pending navigations...
[1717831422.324][INFO]: Done waiting for pending navigations. Status: ok
[1717831422.339][INFO]: Waiting for pending navigations...
[1717831422.341][INFO]: Done waiting for pending navigations. Status: ok
[1717831422.349][INFO]: [fbb8f1a9901c52f87b72d7b861dca89c] RESPONSE GetElementText "20. Valid Parentheses"
[1717831422.361][INFO]: [fbb8f1a9901c52f87b72d7b861dca89c] COMMAND GetElementText {
   "id": "924596164F56C9E598FC93682BE309B9_element_76"
}
[1717831422.364][INFO]: Waiting for pending navigations...
[1717831422.371][INFO]: Done waiting for pending navigations. Status: ok
[1717831422.387][INFO]: Waiting for pending navigations...
[1717831422.388][INFO]: Done waiting for pending navigations. Status: ok
[1717831422.393][INFO]: [fbb8f1a9901c52f87b72d7b861dca89c] RESPONSE GetElementText "21. Merge Two Sorted Lists"
[1717831422.418][INFO]: [fbb8f1a9901c52f87b72d7b861dca89c] COMMAND GetElementText {
   "id": "924596164F56C9E598FC93682BE309B9_element_77"
}
[1717831422.418][INFO]: Waiting for pending navigations...
[1717831422.419][INFO]: Done waiting for pending navigations. Status: ok
[1717831422.434][INFO]: Waiting for pending navigations...
[1717831422.435][INFO]: Done waiting for pending navigations. Status: ok
[1717831422.441][INFO]: [fbb8f1a9901c52f87b72d7b861dca89c] RESPONSE GetElementText "22. Generate Parentheses"
[1717831422.454][INFO]: [fbb8f1a9901c52f87b72d7b861dca89c] COMMAND GetElementText {
   "id": "924596164F56C9E598FC93682BE309B9_element_78"
}
[1717831422.454][INFO]: Waiting for pending navigations...
[1717831422.458][INFO]: Done waiting for pending navigations. Status: ok
[1717831422.473][INFO]: Waiting for pending navigations...
[1717831422.474][INFO]: Done waiting for pending navigations. Status: ok
[1717831422.479][INFO]: [fbb8f1a9901c52f87b72d7b861dca89c] RESPONSE GetElementText "23. Merge k Sorted Lists"
[1717831422.493][INFO]: [fbb8f1a9901c52f87b72d7b861dca89c] COMMAND GetElementText {
   "id": "924596164F56C9E598FC93682BE309B9_element_79"
}
[1717831422.493][INFO]: Waiting for pending navigations...
[1717831422.494][INFO]: Done waiting for pending navigations. Status: ok
[1717831422.510][INFO]: Waiting for pending navigations...
[1717831422.511][INFO]: Done waiting for pending navigations. Status: ok
[1717831422.517][INFO]: [fbb8f1a9901c52f87b72d7b861dca89c] RESPONSE GetElementText "24. Swap Nodes in Pairs"
[1717831422.531][INFO]: [fbb8f1a9901c52f87b72d7b861dca89c] COMMAND GetElementText {
   "id": "924596164F56C9E598FC93682BE309B9_element_80"
}
[1717831422.534][INFO]: Waiting for pending navigations...
[1717831422.546][INFO]: Done waiting for pending navigations. Status: ok
[1717831422.577][INFO]: Waiting for pending navigations...
[1717831422.578][INFO]: Done waiting for pending navigations. Status: ok
[1717831422.584][INFO]: [fbb8f1a9901c52f87b72d7b861dca89c] RESPONSE GetElementText "25. Reverse Nodes in k-Group"
[1717831422.606][INFO]: [fbb8f1a9901c52f87b72d7b861dca89c] COMMAND GetElementText {
   "id": "924596164F56C9E598FC93682BE309B9_element_81"
}
[1717831422.606][INFO]: Waiting for pending navigations...
[1717831422.615][INFO]: Done waiting for pending navigations. Status: ok
[1717831422.635][INFO]: Waiting for pending navigations...
[1717831422.636][INFO]: Done waiting for pending navigations. Status: ok
[1717831422.642][INFO]: [fbb8f1a9901c52f87b72d7b861dca89c] RESPONSE GetElementText "26. Remove Duplicates from Sorted Array"
[1717831422.663][INFO]: [fbb8f1a9901c52f87b72d7b861dca89c] COMMAND GetElementText {
   "id": "924596164F56C9E598FC93682BE309B9_element_82"
}
[1717831422.665][INFO]: Waiting for pending navigations...
[1717831422.672][INFO]: Done waiting for pending navigations. Status: ok
[1717831422.688][INFO]: Waiting for pending navigations...
[1717831422.689][INFO]: Done waiting for pending navigations. Status: ok
[1717831422.696][INFO]: [fbb8f1a9901c52f87b72d7b861dca89c] RESPONSE GetElementText "27. Remove Element"
[1717831422.707][INFO]: [fbb8f1a9901c52f87b72d7b861dca89c] COMMAND GetElementText {
   "id": "924596164F56C9E598FC93682BE309B9_element_83"
}
[1717831422.708][INFO]: Waiting for pending navigations...
[1717831422.717][INFO]: Done waiting for pending navigations. Status: ok
[1717831422.732][INFO]: Waiting for pending navigations...
[1717831422.733][INFO]: Done waiting for pending navigations. Status: ok
[1717831422.739][INFO]: [fbb8f1a9901c52f87b72d7b861dca89c] RESPONSE GetElementText "28. Find the Index of the First Occurrence in a String"
[1717831422.751][INFO]: [fbb8f1a9901c52f87b72d7b861dca89c] COMMAND GetElementText {
   "id": "924596164F56C9E598FC93682BE309B9_element_84"
}
[1717831422.753][INFO]: Waiting for pending navigations...
[1717831422.762][INFO]: Done waiting for pending navigations. Status: ok
[1717831422.778][INFO]: Waiting for pending navigations...
[1717831422.779][INFO]: Done waiting for pending navigations. Status: ok
[1717831422.785][INFO]: [fbb8f1a9901c52f87b72d7b861dca89c] RESPONSE GetElementText "29. Divide Two Integers"
[1717831422.793][INFO]: [fbb8f1a9901c52f87b72d7b861dca89c] COMMAND GetElementText {
   "id": "924596164F56C9E598FC93682BE309B9_element_85"
}
[1717831422.793][INFO]: Waiting for pending navigations...
[1717831422.794][INFO]: Done waiting for pending navigations. Status: ok
[1717831422.810][INFO]: Waiting for pending navigations...
[1717831422.810][INFO]: Done waiting for pending navigations. Status: ok
[1717831422.817][INFO]: [fbb8f1a9901c52f87b72d7b861dca89c] RESPONSE GetElementText "30. Substring with Concatenation of All Words"
[1717831422.836][INFO]: [fbb8f1a9901c52f87b72d7b861dca89c] COMMAND GetElementText {
   "id": "924596164F56C9E598FC93682BE309B9_element_86"
}
[1717831422.837][INFO]: Waiting for pending navigations...
[1717831422.845][INFO]: Done waiting for pending navigations. Status: ok
[1717831422.860][INFO]: Waiting for pending navigations...
[1717831422.861][INFO]: Done waiting for pending navigations. Status: ok
[1717831422.868][INFO]: [fbb8f1a9901c52f87b72d7b861dca89c] RESPONSE GetElementText "31. Next Permutation"
[1717831422.884][INFO]: [fbb8f1a9901c52f87b72d7b861dca89c] COMMAND GetElementText {
   "id": "924596164F56C9E598FC93682BE309B9_element_87"
}
[1717831422.885][INFO]: Waiting for pending navigations...
[1717831422.892][INFO]: Done waiting for pending navigations. Status: ok
[1717831422.908][INFO]: Waiting for pending navigations...
[1717831422.909][INFO]: Done waiting for pending navigations. Status: ok
[1717831422.915][INFO]: [fbb8f1a9901c52f87b72d7b861dca89c] RESPONSE GetElementText "32. Longest Valid Parentheses"
[1717831422.927][INFO]: [fbb8f1a9901c52f87b72d7b861dca89c] COMMAND GetElementText {
   "id": "924596164F56C9E598FC93682BE309B9_element_88"
}
[1717831422.929][INFO]: Waiting for pending navigations...
[1717831422.936][INFO]: Done waiting for pending navigations. Status: ok
[1717831422.952][INFO]: Waiting for pending navigations...
[1717831422.953][INFO]: Done waiting for pending navigations. Status: ok
[1717831422.959][INFO]: [fbb8f1a9901c52f87b72d7b861dca89c] RESPONSE GetElementText "33. Search in Rotated Sorted Array"
[1717831422.965][INFO]: [fbb8f1a9901c52f87b72d7b861dca89c] COMMAND GetElementText {
   "id": "924596164F56C9E598FC93682BE309B9_element_89"
}
[1717831422.966][INFO]: Waiting for pending navigations...
[1717831422.975][INFO]: Done waiting for pending navigations. Status: ok
[1717831422.990][INFO]: Waiting for pending navigations...
[1717831422.991][INFO]: Done waiting for pending navigations. Status: ok
[1717831422.997][INFO]: [fbb8f1a9901c52f87b72d7b861dca89c] RESPONSE GetElementText "34. Find First and Last Position of Element in Sorted Array"
[1717831423.012][INFO]: [fbb8f1a9901c52f87b72d7b861dca89c] COMMAND GetElementText {
   "id": "924596164F56C9E598FC93682BE309B9_element_90"
}
[1717831423.013][INFO]: Waiting for pending navigations...
[1717831423.014][INFO]: Done waiting for pending navigations. Status: ok
[1717831423.030][INFO]: Waiting for pending navigations...
[1717831423.032][INFO]: Done waiting for pending navigations. Status: ok
[1717831423.037][INFO]: [fbb8f1a9901c52f87b72d7b861dca89c] RESPONSE GetElementText "35. Search Insert Position"
[1717831423.050][INFO]: [fbb8f1a9901c52f87b72d7b861dca89c] COMMAND GetElementText {
   "id": "924596164F56C9E598FC93682BE309B9_element_91"
}
[1717831423.051][INFO]: Waiting for pending navigations...
[1717831423.059][INFO]: Done waiting for pending navigations. Status: ok
[1717831423.078][INFO]: Waiting for pending navigations...
[1717831423.097][INFO]: Done waiting for pending navigations. Status: ok
[1717831423.097][INFO]: [fbb8f1a9901c52f87b72d7b861dca89c] RESPONSE GetElementText "36. Valid Sudoku"
[1717831423.106][INFO]: [fbb8f1a9901c52f87b72d7b861dca89c] COMMAND GetElementText {
   "id": "924596164F56C9E598FC93682BE309B9_element_92"
}
[1717831423.107][INFO]: Waiting for pending navigations...
[1717831423.110][INFO]: Done waiting for pending navigations. Status: ok
[1717831423.124][INFO]: Waiting for pending navigations...
[1717831423.125][INFO]: Done waiting for pending navigations. Status: ok
[1717831423.131][INFO]: [fbb8f1a9901c52f87b72d7b861dca89c] RESPONSE GetElementText "37. Sudoku Solver"
[1717831423.142][INFO]: [fbb8f1a9901c52f87b72d7b861dca89c] COMMAND GetElementText {
   "id": "924596164F56C9E598FC93682BE309B9_element_93"
}
[1717831423.144][INFO]: Waiting for pending navigations...
[1717831423.152][INFO]: Done waiting for pending navigations. Status: ok
[1717831423.168][INFO]: Waiting for pending navigations...
[1717831423.169][INFO]: Done waiting for pending navigations. Status: ok
[1717831423.174][INFO]: [fbb8f1a9901c52f87b72d7b861dca89c] RESPONSE GetElementText "38. Count and Say"
[1717831423.189][INFO]: [fbb8f1a9901c52f87b72d7b861dca89c] COMMAND GetElementText {
   "id": "924596164F56C9E598FC93682BE309B9_element_94"
}
[1717831423.189][INFO]: Waiting for pending navigations...
[1717831423.190][INFO]: Done waiting for pending navigations. Status: ok
[1717831423.236][INFO]: Waiting for pending navigations...
[1717831423.239][INFO]: Done waiting for pending navigations. Status: ok
[1717831423.245][INFO]: [fbb8f1a9901c52f87b72d7b861dca89c] RESPONSE GetElementText "39. Combination Sum"
[1717831423.260][INFO]: [fbb8f1a9901c52f87b72d7b861dca89c] COMMAND GetElementText {
   "id": "924596164F56C9E598FC93682BE309B9_element_95"
}
[1717831423.261][INFO]: Waiting for pending navigations...
[1717831423.270][INFO]: Done waiting for pending navigations. Status: ok
[1717831423.284][INFO]: Waiting for pending navigations...
[1717831423.285][INFO]: Done waiting for pending navigations. Status: ok
[1717831423.293][INFO]: [fbb8f1a9901c52f87b72d7b861dca89c] RESPONSE GetElementText "40. Combination Sum II"
[1717831423.305][INFO]: [fbb8f1a9901c52f87b72d7b861dca89c] COMMAND GetElementText {
   "id": "924596164F56C9E598FC93682BE309B9_element_96"
}
[1717831423.307][INFO]: Waiting for pending navigations...
[1717831423.308][INFO]: Done waiting for pending navigations. Status: ok
[1717831423.325][INFO]: Waiting for pending navigations...
[1717831423.326][INFO]: Done waiting for pending navigations. Status: ok
[1717831423.332][INFO]: [fbb8f1a9901c52f87b72d7b861dca89c] RESPONSE GetElementText "41. First Missing Positive"
[1717831423.347][INFO]: [fbb8f1a9901c52f87b72d7b861dca89c] COMMAND GetElementText {
   "id": "924596164F56C9E598FC93682BE309B9_element_97"
}
[1717831423.347][INFO]: Waiting for pending navigations...
[1717831423.353][INFO]: Done waiting for pending navigations. Status: ok
[1717831423.367][INFO]: Waiting for pending navigations...
[1717831423.369][INFO]: Done waiting for pending navigations. Status: ok
[1717831423.374][INFO]: [fbb8f1a9901c52f87b72d7b861dca89c] RESPONSE GetElementText "42. Trapping Rain Water"
[1717831423.381][INFO]: [fbb8f1a9901c52f87b72d7b861dca89c] COMMAND GetElementText {
   "id": "924596164F56C9E598FC93682BE309B9_element_98"
}
[1717831423.400][INFO]: Waiting for pending navigations...
[1717831423.402][INFO]: Done waiting for pending navigations. Status: ok
[1717831423.418][INFO]: Waiting for pending navigations...
[1717831423.419][INFO]: Done waiting for pending navigations. Status: ok
[1717831423.424][INFO]: [fbb8f1a9901c52f87b72d7b861dca89c] RESPONSE GetElementText "43. Multiply Strings"
[1717831423.436][INFO]: [fbb8f1a9901c52f87b72d7b861dca89c] COMMAND GetElementText {
   "id": "924596164F56C9E598FC93682BE309B9_element_99"
}
[1717831423.437][INFO]: Waiting for pending navigations...
[1717831423.444][INFO]: Done waiting for pending navigations. Status: ok
[1717831423.459][INFO]: Waiting for pending navigations...
[1717831423.460][INFO]: Done waiting for pending navigations. Status: ok
[1717831423.465][INFO]: [fbb8f1a9901c52f87b72d7b861dca89c] RESPONSE GetElementText "44. Wildcard Matching"
[1717831423.476][INFO]: [fbb8f1a9901c52f87b72d7b861dca89c] COMMAND GetElementText {
   "id": "924596164F56C9E598FC93682BE309B9_element_100"
}
[1717831423.477][INFO]: Waiting for pending navigations...
[1717831423.484][INFO]: Done waiting for pending navigations. Status: ok
[1717831423.498][INFO]: Waiting for pending navigations...
[1717831423.499][INFO]: Done waiting for pending navigations. Status: ok
[1717831423.509][INFO]: [fbb8f1a9901c52f87b72d7b861dca89c] RESPONSE GetElementText "45. Jump Game II"
[1717831423.524][INFO]: [fbb8f1a9901c52f87b72d7b861dca89c] COMMAND GetElementText {
   "id": "924596164F56C9E598FC93682BE309B9_element_101"
}
[1717831423.525][INFO]: Waiting for pending navigations...
[1717831423.526][INFO]: Done waiting for pending navigations. Status: ok
[1717831423.540][INFO]: Waiting for pending navigations...
[1717831423.541][INFO]: Done waiting for pending navigations. Status: ok
[1717831423.546][INFO]: [fbb8f1a9901c52f87b72d7b861dca89c] RESPONSE GetElementText "46. Permutations"
[1717831423.557][INFO]: [fbb8f1a9901c52f87b72d7b861dca89c] COMMAND GetElementText {
   "id": "924596164F56C9E598FC93682BE309B9_element_102"
}
[1717831423.557][INFO]: Waiting for pending navigations...
[1717831423.558][INFO]: Done waiting for pending navigations. Status: ok
[1717831423.575][INFO]: Waiting for pending navigations...
[1717831423.576][INFO]: Done waiting for pending navigations. Status: ok
[1717831423.581][INFO]: [fbb8f1a9901c52f87b72d7b861dca89c] RESPONSE GetElementText "47. Permutations II"
[1717831423.592][INFO]: [fbb8f1a9901c52f87b72d7b861dca89c] COMMAND GetElementText {
   "id": "924596164F56C9E598FC93682BE309B9_element_103"
}
[1717831423.594][INFO]: Waiting for pending navigations...
[1717831423.594][INFO]: Done waiting for pending navigations. Status: ok
[1717831423.609][INFO]: Waiting for pending navigations...
[1717831423.610][INFO]: Done waiting for pending navigations. Status: ok
[1717831423.618][INFO]: [fbb8f1a9901c52f87b72d7b861dca89c] RESPONSE GetElementText "48. Rotate Image"
[1717831423.629][INFO]: [fbb8f1a9901c52f87b72d7b861dca89c] COMMAND GetElementText {
   "id": "924596164F56C9E598FC93682BE309B9_element_104"
}
[1717831423.631][INFO]: Waiting for pending navigations...
[1717831423.641][INFO]: Done waiting for pending navigations. Status: ok
[1717831423.655][INFO]: Waiting for pending navigations...
[1717831423.656][INFO]: Done waiting for pending navigations. Status: ok
[1717831423.661][INFO]: [fbb8f1a9901c52f87b72d7b861dca89c] RESPONSE GetElementText "49. Group Anagrams"
[1717831423.672][INFO]: [fbb8f1a9901c52f87b72d7b861dca89c] COMMAND GetElementText {
   "id": "924596164F56C9E598FC93682BE309B9_element_105"
}
[1717831423.672][INFO]: Waiting for pending navigations...
[1717831423.673][INFO]: Done waiting for pending navigations. Status: ok
[1717831423.688][INFO]: Waiting for pending navigations...
[1717831423.689][INFO]: Done waiting for pending navigations. Status: ok
[1717831423.695][INFO]: [fbb8f1a9901c52f87b72d7b861dca89c] RESPONSE GetElementText "50. Pow(x, n)"
[1717831423.707][INFO]: [fbb8f1a9901c52f87b72d7b861dca89c] COMMAND Navigate {
   "url": "https://leetcode.com/"
}
[1717831423.708][INFO]: Waiting for pending navigations...
[1717831423.716][INFO]: Done waiting for pending navigations. Status: ok
[1717831424.026][INFO]: Waiting for pending navigations...
[1717831425.175][INFO]: Done waiting for pending navigations. Status: ok
[1717831425.175][INFO]: [fbb8f1a9901c52f87b72d7b861dca89c] RESPONSE Navigate
[1717831425.197][INFO]: [fbb8f1a9901c52f87b72d7b861dca89c] COMMAND ExecuteScript {
   "args": [  ],
   "script": "window.scrollTo(0, document.body.scrollHeight)"
}
[1717831425.197][INFO]: Waiting for pending navigations...
[1717831425.320][INFO]: Done waiting for pending navigations. Status: ok
[1717831425.428][INFO]: Waiting for pending navigations...
[1717831425.438][INFO]: Done waiting for pending navigations. Status: ok
[1717831425.438][INFO]: [fbb8f1a9901c52f87b72d7b861dca89c] RESPONSE ExecuteScript null
[1717831428.465][INFO]: [fbb8f1a9901c52f87b72d7b861dca89c] COMMAND Screenshot {
}
[1717831428.465][INFO]: Waiting for pending navigations...
[1717831428.466][INFO]: Done waiting for pending navigations. Status: ok
[1717831428.768][INFO]: Waiting for pending navigations...
[1717831428.769][INFO]: Done waiting for pending navigations. Status: ok
[1717831428.775][INFO]: [fbb8f1a9901c52f87b72d7b861dca89c] RESPONSE Screenshot "iVBORw0KGgoAAAANSUhEUgAAB4AAAAQ4CAYAAADo08FDAAAAAXNSR0IArs4c6QAAIABJREFUeJzs3WdXG1naPvqrlFAWQQGByMmYZOOAY7c93bZ7nume+X+gc846X+iMe54O7tzOAWODySKDBFYiCJRTnRdCZUQUtLvBnuu3ltcalUpVe+/au5jWrfsuIRpPiSAiI..."
[1717831428.849][INFO]: [fbb8f1a9901c52f87b72d7b861dca89c] COMMAND FindElement {
   "using": "xpath",
   "value": "//p[contains(text(),'View Questions')]"
}
[1717831428.849][INFO]: Waiting for pending navigations...
[1717831428.851][INFO]: Done waiting for pending navigations. Status: ok
[1717831428.890][INFO]: Waiting for pending navigations...
[1717831428.890][INFO]: Done waiting for pending navigations. Status: ok
[1717831428.898][INFO]: [fbb8f1a9901c52f87b72d7b861dca89c] RESPONSE FindElement {
   "element-6066-11e4-a52e-4f735466cecf": "93C4731D858E2A603F42D0C7ED6D91B4_element_147"
}
[1717831428.915][INFO]: [fbb8f1a9901c52f87b72d7b861dca89c] COMMAND ClickElement {
   "id": "93C4731D858E2A603F42D0C7ED6D91B4_element_147"
}
[1717831428.915][INFO]: Waiting for pending navigations...
[1717831428.923][INFO]: Done waiting for pending navigations. Status: ok
[1717831429.113][INFO]: Waiting for pending navigations...
[1717831432.830][INFO]: Done waiting for pending navigations. Status: ok
[1717831432.830][INFO]: [fbb8f1a9901c52f87b72d7b861dca89c] RESPONSE ClickElement
[1717831435.843][INFO]: [fbb8f1a9901c52f87b72d7b861dca89c] COMMAND FindElement {
   "using": "xpath",
   "value": "//a[contains(@class, 'h-5 hover:text-blue-s dark:hover:text-dark-blue-s') and contains(@href, '/problems/two-sum')]"
}
[1717831435.843][INFO]: Waiting for pending navigations...
[1717831436.103][INFO]: Done waiting for pending navigations. Status: ok
[1717831436.189][INFO]: Waiting for pending navigations...
[1717831436.254][INFO]: Done waiting for pending navigations. Status: ok
[1717831436.254][INFO]: [fbb8f1a9901c52f87b72d7b861dca89c] RESPONSE FindElement {
   "element-6066-11e4-a52e-4f735466cecf": "6017B44A565E3603555D38C0C583B360_element_179"
}
[1717831436.260][INFO]: [fbb8f1a9901c52f87b72d7b861dca89c] COMMAND ClickElement {
   "id": "6017B44A565E3603555D38C0C583B360_element_179"
}
[1717831436.260][INFO]: Waiting for pending navigations...
[1717831436.263][INFO]: Done waiting for pending navigations. Status: ok
[1717831436.396][INFO]: Waiting for pending navigations...
[1717831438.838][INFO]: Done waiting for pending navigations. Status: ok
[1717831438.838][INFO]: [fbb8f1a9901c52f87b72d7b861dca89c] RESPONSE ClickElement
[1717831441.845][INFO]: [fbb8f1a9901c52f87b72d7b861dca89c] COMMAND GetUrl {
}
[1717831441.845][INFO]: Waiting for pending navigations...
[1717831442.338][INFO]: Done waiting for pending navigations. Status: ok
[1717831442.962][INFO]: Waiting for pending navigations...
[1717831442.983][INFO]: Done waiting for pending navigations. Status: ok
[1717831442.983][INFO]: [fbb8f1a9901c52f87b72d7b861dca89c] RESPONSE GetUrl "https://leetcode.com/problems/two-sum/description/"
[1717831442.997][INFO]: [fbb8f1a9901c52f87b72d7b861dca89c] COMMAND Navigate {
   "url": "https://leetcode.com/"
}
[1717831442.997][INFO]: Waiting for pending navigations...
[1717831443.682][INFO]: Done waiting for pending navigations. Status: ok
[1717831444.274][INFO]: Waiting for pending navigations...
[1717831446.213][INFO]: Done waiting for pending navigations. Status: ok
[1717831446.213][INFO]: [fbb8f1a9901c52f87b72d7b861dca89c] RESPONSE Navigate
[1717831446.222][INFO]: [fbb8f1a9901c52f87b72d7b861dca89c] COMMAND ExecuteScript {
   "args": [  ],
   "script": "window.scrollTo(0, document.body.scrollHeight)"
}
[1717831446.222][INFO]: Waiting for pending navigations...
[1717831446.273][INFO]: Done waiting for pending navigations. Status: ok
[1717831446.341][INFO]: Waiting for pending navigations...
[1717831446.354][INFO]: Done waiting for pending navigations. Status: ok
[1717831446.354][INFO]: [fbb8f1a9901c52f87b72d7b861dca89c] RESPONSE ExecuteScript null
[1717831449.366][INFO]: [fbb8f1a9901c52f87b72d7b861dca89c] COMMAND FindElement {
   "using": "xpath",
   "value": "//p[contains(text(),'View Questions')]"
}
[1717831449.366][INFO]: Waiting for pending navigations...
[1717831449.367][INFO]: Done waiting for pending navigations. Status: ok
[1717831449.385][INFO]: Waiting for pending navigations...
[1717831449.386][INFO]: Done waiting for pending navigations. Status: ok
[1717831449.393][INFO]: [fbb8f1a9901c52f87b72d7b861dca89c] RESPONSE FindElement {
   "element-6066-11e4-a52e-4f735466cecf": "BD8EB3A21B814A7EB0DEFD8DF48CE245_element_234"
}
[1717831449.406][INFO]: [fbb8f1a9901c52f87b72d7b861dca89c] COMMAND ClickElement {
   "id": "BD8EB3A21B814A7EB0DEFD8DF48CE245_element_234"
}
[1717831449.406][INFO]: Waiting for pending navigations...
[1717831449.410][INFO]: Done waiting for pending navigations. Status: ok
[1717831449.931][INFO]: Waiting for pending navigations...
[1717831453.362][INFO]: Done waiting for pending navigations. Status: ok
[1717831453.362][INFO]: [fbb8f1a9901c52f87b72d7b861dca89c] RESPONSE ClickElement
[1717831456.371][INFO]: [fbb8f1a9901c52f87b72d7b861dca89c] COMMAND FindElement {
   "using": "xpath",
   "value": "//a[contains(@class, 'h-5 hover:text-blue-s dark:hover:text-dark-blue-s') and contains(@href, '/problems/two-sum')]"
}
[1717831456.371][INFO]: Waiting for pending navigations...
[1717831456.490][INFO]: Done waiting for pending navigations. Status: ok
[1717831456.617][INFO]: Waiting for pending navigations...
[1717831456.654][INFO]: Done waiting for pending navigations. Status: ok
[1717831456.654][INFO]: [fbb8f1a9901c52f87b72d7b861dca89c] RESPONSE FindElement {
   "element-6066-11e4-a52e-4f735466cecf": "CEFF6FEF1C4E2A0EC7401C70D27AEDD9_element_278"
}
[1717831456.662][INFO]: [fbb8f1a9901c52f87b72d7b861dca89c] COMMAND ClickElement {
   "id": "CEFF6FEF1C4E2A0EC7401C70D27AEDD9_element_278"
}
[1717831456.662][INFO]: Waiting for pending navigations...
[1717831456.722][INFO]: Done waiting for pending navigations. Status: ok
[1717831456.860][INFO]: Waiting for pending navigations...
[1717831458.528][INFO]: Done waiting for pending navigations. Status: ok
[1717831458.528][INFO]: [fbb8f1a9901c52f87b72d7b861dca89c] RESPONSE ClickElement
[1717831461.537][INFO]: [fbb8f1a9901c52f87b72d7b861dca89c] COMMAND FindElement {
   "using": "xpath",
   "value": "//div[@class='normal absolute left-0 top-0 whitespace-nowrap font-normal'][contains(text(), 'Submissions')]"
}
[1717831461.537][INFO]: Waiting for pending navigations...
[1717831461.570][INFO]: Done waiting for pending navigations. Status: ok
[1717831462.248][INFO]: Waiting for pending navigations...
[1717831462.308][INFO]: Done waiting for pending navigations. Status: ok
[1717831462.308][INFO]: [fbb8f1a9901c52f87b72d7b861dca89c] RESPONSE FindElement {
   "element-6066-11e4-a52e-4f735466cecf": "24BEB48034A4CBB6DA827E0A2B4B672E_element_307"
}
[1717831462.323][INFO]: [fbb8f1a9901c52f87b72d7b861dca89c] COMMAND ExecuteScript {
   "args": [ {
      "element-6066-11e4-a52e-4f735466cecf": "24BEB48034A4CBB6DA827E0A2B4B672E_element_307"
   } ],
   "script": "arguments[0].scrollIntoView(true);"
}
[1717831462.323][INFO]: Waiting for pending navigations...
[1717831462.435][INFO]: Done waiting for pending navigations. Status: ok
[1717831463.556][INFO]: Waiting for pending navigations...
[1717831463.704][INFO]: Done waiting for pending navigations. Status: ok
[1717831463.704][INFO]: [fbb8f1a9901c52f87b72d7b861dca89c] RESPONSE ExecuteScript null
[1717831463.719][INFO]: [fbb8f1a9901c52f87b72d7b861dca89c] COMMAND ClickElement {
   "id": "24BEB48034A4CBB6DA827E0A2B4B672E_element_307"
}
[1717831463.719][INFO]: Waiting for pending navigations...
[1717831463.996][INFO]: Done waiting for pending navigations. Status: ok
[1717831478.126][INFO]: Waiting for pending navigations...
[1717831482.394][INFO]: Done waiting for pending navigations. Status: ok
[1717831482.394][INFO]: [fbb8f1a9901c52f87b72d7b861dca89c] RESPONSE ClickElement
[1717831484.412][INFO]: [fbb8f1a9901c52f87b72d7b861dca89c] COMMAND FindElement {
   "using": "xpath",
   "value": "//a[contains(text(), 'Register or Sign In')]"
}
[1717831484.412][INFO]: Waiting for pending navigations...
[1717831484.415][INFO]: Done waiting for pending navigations. Status: ok
[1717831484.438][INFO]: Waiting for pending navigations...
[1717831484.439][INFO]: Done waiting for pending navigations. Status: ok
[1717831484.444][INFO]: [fbb8f1a9901c52f87b72d7b861dca89c] RESPONSE FindElement {
   "element-6066-11e4-a52e-4f735466cecf": "24BEB48034A4CBB6DA827E0A2B4B672E_element_318"
}
[1717831484.452][INFO]: [fbb8f1a9901c52f87b72d7b861dca89c] COMMAND GetElementText {
   "id": "24BEB48034A4CBB6DA827E0A2B4B672E_element_318"
}
[1717831484.452][INFO]: Waiting for pending navigations...
[1717831484.453][INFO]: Done waiting for pending navigations. Status: ok
[1717831484.483][INFO]: Waiting for pending navigations...
[1717831484.485][INFO]: Done waiting for pending navigations. Status: ok
[1717831484.490][INFO]: [fbb8f1a9901c52f87b72d7b861dca89c] RESPONSE GetElementText "Register or Sign In"
[1717831484.502][INFO]: [fbb8f1a9901c52f87b72d7b861dca89c] COMMAND CloseWindow {
}
[1717831484.665][INFO]: [fbb8f1a9901c52f87b72d7b861dca89c] RESPONSE CloseWindow [  ]
